{"C:\\Users\\Alexe\\WebstormProjects\\FlowBack\\js\\analytics.js": {"path":"C:\\Users\\Alexe\\WebstormProjects\\FlowBack\\js\\analytics.js","statementMap":{"0":{"start":{"line":2,"column":25},"end":{"line":130,"column":1}},"1":{"start":{"line":6,"column":26},"end":{"line":6,"column":50}},"2":{"start":{"line":8,"column":33},"end":{"line":8,"column":69}},"3":{"start":{"line":9,"column":8},"end":{"line":49,"column":6}},"4":{"start":{"line":47,"column":43},"end":{"line":47,"column":70}},"5":{"start":{"line":51,"column":8},"end":{"line":51,"column":52}},"6":{"start":{"line":51,"column":25},"end":{"line":51,"column":45}},"7":{"start":{"line":55,"column":27},"end":{"line":55,"column":62}},"8":{"start":{"line":56,"column":27},"end":{"line":56,"column":86}},"9":{"start":{"line":58,"column":8},"end":{"line":69,"column":6}},"10":{"start":{"line":73,"column":22},"end":{"line":77,"column":9}},"11":{"start":{"line":78,"column":8},"end":{"line":78,"column":45}},"12":{"start":{"line":82,"column":23},"end":{"line":82,"column":59}},"13":{"start":{"line":83,"column":8},"end":{"line":83,"column":28}},"14":{"start":{"line":83,"column":21},"end":{"line":83,"column":28}},"15":{"start":{"line":85,"column":8},"end":{"line":87,"column":9}},"16":{"start":{"line":86,"column":12},"end":{"line":86,"column":37}},"17":{"start":{"line":89,"column":8},"end":{"line":115,"column":11}},"18":{"start":{"line":119,"column":24},"end":{"line":119,"column":46}},"19":{"start":{"line":120,"column":24},"end":{"line":120,"column":46}},"20":{"start":{"line":121,"column":25},"end":{"line":121,"column":48}},"21":{"start":{"line":123,"column":8},"end":{"line":128,"column":9}},"22":{"start":{"line":124,"column":12},"end":{"line":124,"column":77}},"23":{"start":{"line":125,"column":12},"end":{"line":125,"column":66}},"24":{"start":{"line":126,"column":15},"end":{"line":128,"column":9}},"25":{"start":{"line":127,"column":12},"end":{"line":127,"column":76}},"26":{"start":{"line":132,"column":0},"end":{"line":132,"column":34}}},"fnMap":{"0":{"name":"(anonymous_0)","decl":{"start":{"line":5,"column":4},"end":{"line":5,"column":5}},"loc":{"start":{"line":5,"column":19},"end":{"line":52,"column":5}},"line":5},"1":{"name":"(anonymous_1)","decl":{"start":{"line":47,"column":34},"end":{"line":47,"column":35}},"loc":{"start":{"line":47,"column":43},"end":{"line":47,"column":70}},"line":47},"2":{"name":"(anonymous_2)","decl":{"start":{"line":51,"column":19},"end":{"line":51,"column":20}},"loc":{"start":{"line":51,"column":25},"end":{"line":51,"column":45}},"line":51},"3":{"name":"(anonymous_3)","decl":{"start":{"line":54,"column":4},"end":{"line":54,"column":5}},"loc":{"start":{"line":54,"column":27},"end":{"line":70,"column":5}},"line":54},"4":{"name":"(anonymous_4)","decl":{"start":{"line":72,"column":4},"end":{"line":72,"column":5}},"loc":{"start":{"line":72,"column":32},"end":{"line":79,"column":5}},"line":72},"5":{"name":"(anonymous_5)","decl":{"start":{"line":81,"column":4},"end":{"line":81,"column":5}},"loc":{"start":{"line":81,"column":20},"end":{"line":116,"column":5}},"line":81},"6":{"name":"(anonymous_6)","decl":{"start":{"line":118,"column":4},"end":{"line":118,"column":5}},"loc":{"start":{"line":118,"column":29},"end":{"line":129,"column":5}},"line":118}},"branchMap":{"0":{"loc":{"start":{"line":78,"column":15},"end":{"line":78,"column":44}},"type":"binary-expr","locations":[{"start":{"line":78,"column":15},"end":{"line":78,"column":31}},{"start":{"line":78,"column":35},"end":{"line":78,"column":44}}],"line":78},"1":{"loc":{"start":{"line":83,"column":8},"end":{"line":83,"column":28}},"type":"if","locations":[{"start":{"line":83,"column":8},"end":{"line":83,"column":28}},{"start":{},"end":{}}],"line":83},"2":{"loc":{"start":{"line":85,"column":8},"end":{"line":87,"column":9}},"type":"if","locations":[{"start":{"line":85,"column":8},"end":{"line":87,"column":9}},{"start":{},"end":{}}],"line":85},"3":{"loc":{"start":{"line":123,"column":8},"end":{"line":128,"column":9}},"type":"if","locations":[{"start":{"line":123,"column":8},"end":{"line":128,"column":9}},{"start":{"line":126,"column":15},"end":{"line":128,"column":9}}],"line":123},"4":{"loc":{"start":{"line":126,"column":15},"end":{"line":128,"column":9}},"type":"if","locations":[{"start":{"line":126,"column":15},"end":{"line":128,"column":9}},{"start":{},"end":{}}],"line":126}},"s":{"0":0,"1":0,"2":0,"3":0,"4":0,"5":0,"6":0,"7":0,"8":0,"9":0,"10":0,"11":0,"12":0,"13":0,"14":0,"15":0,"16":0,"17":0,"18":0,"19":0,"20":0,"21":0,"22":0,"23":0,"24":0,"25":0,"26":0},"f":{"0":0,"1":0,"2":0,"3":0,"4":0,"5":0,"6":0},"b":{"0":[0,0],"1":[0,0],"2":[0,0],"3":[0,0],"4":[0,0]}}
,"C:\\Users\\Alexe\\WebstormProjects\\FlowBack\\js\\api.js": {"path":"C:\\Users\\Alexe\\WebstormProjects\\FlowBack\\js\\api.js","statementMap":{"0":{"start":{"line":3,"column":14},"end":{"line":3,"column":32}},"1":{"start":{"line":4,"column":14},"end":{"line":4,"column":32}},"2":{"start":{"line":6,"column":12},"end":{"line":72,"column":1}},"3":{"start":{"line":8,"column":8},"end":{"line":8,"column":63}},"4":{"start":{"line":8,"column":37},"end":{"line":8,"column":61}},"5":{"start":{"line":9,"column":8},"end":{"line":9,"column":40}},"6":{"start":{"line":13,"column":8},"end":{"line":13,"column":34}},"7":{"start":{"line":17,"column":8},"end":{"line":17,"column":39}},"8":{"start":{"line":21,"column":8},"end":{"line":21,"column":36}},"9":{"start":{"line":22,"column":8},"end":{"line":22,"column":53}},"10":{"start":{"line":26,"column":8},"end":{"line":26,"column":55}},"11":{"start":{"line":30,"column":8},"end":{"line":30,"column":53}},"12":{"start":{"line":34,"column":8},"end":{"line":34,"column":34}},"13":{"start":{"line":38,"column":8},"end":{"line":38,"column":36}},"14":{"start":{"line":39,"column":8},"end":{"line":39,"column":56}},"15":{"start":{"line":43,"column":8},"end":{"line":43,"column":56}},"16":{"start":{"line":47,"column":8},"end":{"line":47,"column":54}},"17":{"start":{"line":51,"column":8},"end":{"line":51,"column":34}},"18":{"start":{"line":55,"column":8},"end":{"line":55,"column":35}},"19":{"start":{"line":59,"column":8},"end":{"line":59,"column":57}},"20":{"start":{"line":63,"column":8},"end":{"line":63,"column":36}},"21":{"start":{"line":67,"column":8},"end":{"line":69,"column":9}},"22":{"start":{"line":68,"column":12},"end":{"line":68,"column":73}},"23":{"start":{"line":70,"column":8},"end":{"line":70,"column":62}},"24":{"start":{"line":74,"column":0},"end":{"line":74,"column":21}}},"fnMap":{"0":{"name":"(anonymous_0)","decl":{"start":{"line":7,"column":4},"end":{"line":7,"column":5}},"loc":{"start":{"line":7,"column":42},"end":{"line":10,"column":5}},"line":7},"1":{"name":"(anonymous_1)","decl":{"start":{"line":8,"column":26},"end":{"line":8,"column":27}},"loc":{"start":{"line":8,"column":37},"end":{"line":8,"column":61}},"line":8},"2":{"name":"(anonymous_2)","decl":{"start":{"line":12,"column":4},"end":{"line":12,"column":5}},"loc":{"start":{"line":12,"column":23},"end":{"line":14,"column":5}},"line":12},"3":{"name":"(anonymous_3)","decl":{"start":{"line":16,"column":4},"end":{"line":16,"column":5}},"loc":{"start":{"line":16,"column":28},"end":{"line":18,"column":5}},"line":16},"4":{"name":"(anonymous_4)","decl":{"start":{"line":20,"column":4},"end":{"line":20,"column":5}},"loc":{"start":{"line":20,"column":35},"end":{"line":23,"column":5}},"line":20},"5":{"name":"(anonymous_5)","decl":{"start":{"line":25,"column":4},"end":{"line":25,"column":5}},"loc":{"start":{"line":25,"column":39},"end":{"line":27,"column":5}},"line":25},"6":{"name":"(anonymous_6)","decl":{"start":{"line":29,"column":4},"end":{"line":29,"column":5}},"loc":{"start":{"line":29,"column":27},"end":{"line":31,"column":5}},"line":29},"7":{"name":"(anonymous_7)","decl":{"start":{"line":33,"column":4},"end":{"line":33,"column":5}},"loc":{"start":{"line":33,"column":23},"end":{"line":35,"column":5}},"line":33},"8":{"name":"(anonymous_8)","decl":{"start":{"line":37,"column":4},"end":{"line":37,"column":5}},"loc":{"start":{"line":37,"column":35},"end":{"line":40,"column":5}},"line":37},"9":{"name":"(anonymous_9)","decl":{"start":{"line":42,"column":4},"end":{"line":42,"column":5}},"loc":{"start":{"line":42,"column":39},"end":{"line":44,"column":5}},"line":42},"10":{"name":"(anonymous_10)","decl":{"start":{"line":46,"column":4},"end":{"line":46,"column":5}},"loc":{"start":{"line":46,"column":27},"end":{"line":48,"column":5}},"line":46},"11":{"name":"(anonymous_11)","decl":{"start":{"line":50,"column":4},"end":{"line":50,"column":5}},"loc":{"start":{"line":50,"column":23},"end":{"line":52,"column":5}},"line":50},"12":{"name":"(anonymous_12)","decl":{"start":{"line":54,"column":4},"end":{"line":54,"column":5}},"loc":{"start":{"line":54,"column":36},"end":{"line":56,"column":5}},"line":54},"13":{"name":"(anonymous_13)","decl":{"start":{"line":58,"column":4},"end":{"line":58,"column":5}},"loc":{"start":{"line":58,"column":39},"end":{"line":60,"column":5}},"line":58},"14":{"name":"(anonymous_14)","decl":{"start":{"line":62,"column":4},"end":{"line":62,"column":5}},"loc":{"start":{"line":62,"column":36},"end":{"line":64,"column":5}},"line":62},"15":{"name":"(anonymous_15)","decl":{"start":{"line":66,"column":4},"end":{"line":66,"column":5}},"loc":{"start":{"line":66,"column":43},"end":{"line":71,"column":5}},"line":66}},"branchMap":{"0":{"loc":{"start":{"line":7,"column":28},"end":{"line":7,"column":40}},"type":"default-arg","locations":[{"start":{"line":7,"column":38},"end":{"line":7,"column":40}}],"line":7},"1":{"loc":{"start":{"line":54,"column":22},"end":{"line":54,"column":34}},"type":"default-arg","locations":[{"start":{"line":54,"column":32},"end":{"line":54,"column":34}}],"line":54},"2":{"loc":{"start":{"line":62,"column":23},"end":{"line":62,"column":34}},"type":"default-arg","locations":[{"start":{"line":62,"column":32},"end":{"line":62,"column":34}}],"line":62},"3":{"loc":{"start":{"line":66,"column":21},"end":{"line":66,"column":35}},"type":"default-arg","locations":[{"start":{"line":66,"column":30},"end":{"line":66,"column":35}}],"line":66},"4":{"loc":{"start":{"line":67,"column":8},"end":{"line":69,"column":9}},"type":"if","locations":[{"start":{"line":67,"column":8},"end":{"line":69,"column":9}},{"start":{},"end":{}}],"line":67}},"s":{"0":5,"1":5,"2":5,"3":0,"4":0,"5":0,"6":3,"7":1,"8":2,"9":2,"10":0,"11":0,"12":3,"13":2,"14":2,"15":0,"16":0,"17":2,"18":2,"19":0,"20":2,"21":0,"22":0,"23":0,"24":5},"f":{"0":0,"1":0,"2":3,"3":1,"4":2,"5":0,"6":0,"7":3,"8":2,"9":0,"10":0,"11":2,"12":2,"13":0,"14":2,"15":0},"b":{"0":[0],"1":[2],"2":[2],"3":[0],"4":[0,0]},"_coverageSchema":"1a1c01bbd47fc00a2c39e90264f33305004495a9","hash":"8868eb6070989c55a69fa99fa586cc654d761f86"}
,"C:\\Users\\Alexe\\WebstormProjects\\FlowBack\\js\\clients.js": {"path":"C:\\Users\\Alexe\\WebstormProjects\\FlowBack\\js\\clients.js","statementMap":{"0":{"start":{"line":2,"column":22},"end":{"line":78,"column":1}},"1":{"start":{"line":4,"column":24},"end":{"line":4,"column":46}},"2":{"start":{"line":6,"column":31},"end":{"line":6,"column":65}},"3":{"start":{"line":7,"column":8},"end":{"line":16,"column":6}},"4":{"start":{"line":14,"column":32},"end":{"line":14,"column":61}},"5":{"start":{"line":20,"column":8},"end":{"line":40,"column":6}},"6":{"start":{"line":28,"column":39},"end":{"line":28,"column":78}},"7":{"start":{"line":44,"column":27},"end":{"line":50,"column":9}},"8":{"start":{"line":48,"column":95},"end":{"line":48,"column":102}},"9":{"start":{"line":52,"column":8},"end":{"line":55,"column":9}},"10":{"start":{"line":53,"column":12},"end":{"line":53,"column":79}},"11":{"start":{"line":54,"column":12},"end":{"line":54,"column":19}},"12":{"start":{"line":57,"column":8},"end":{"line":60,"column":9}},"13":{"start":{"line":58,"column":12},"end":{"line":58,"column":66}},"14":{"start":{"line":59,"column":12},"end":{"line":59,"column":19}},"15":{"start":{"line":62,"column":8},"end":{"line":65,"column":9}},"16":{"start":{"line":63,"column":12},"end":{"line":63,"column":74}},"17":{"start":{"line":64,"column":12},"end":{"line":64,"column":19}},"18":{"start":{"line":67,"column":23},"end":{"line":67,"column":57}},"19":{"start":{"line":68,"column":8},"end":{"line":72,"column":9}},"20":{"start":{"line":69,"column":12},"end":{"line":69,"column":63}},"21":{"start":{"line":70,"column":12},"end":{"line":70,"column":44}},"22":{"start":{"line":71,"column":12},"end":{"line":71,"column":26}},"23":{"start":{"line":76,"column":8},"end":{"line":76,"column":64}},"24":{"start":{"line":80,"column":0},"end":{"line":80,"column":31}}},"fnMap":{"0":{"name":"(anonymous_0)","decl":{"start":{"line":3,"column":4},"end":{"line":3,"column":5}},"loc":{"start":{"line":3,"column":19},"end":{"line":17,"column":5}},"line":3},"1":{"name":"(anonymous_1)","decl":{"start":{"line":14,"column":22},"end":{"line":14,"column":23}},"loc":{"start":{"line":14,"column":32},"end":{"line":14,"column":61}},"line":14},"2":{"name":"(anonymous_2)","decl":{"start":{"line":19,"column":4},"end":{"line":19,"column":5}},"loc":{"start":{"line":19,"column":29},"end":{"line":41,"column":5}},"line":19},"3":{"name":"(anonymous_3)","decl":{"start":{"line":28,"column":31},"end":{"line":28,"column":32}},"loc":{"start":{"line":28,"column":39},"end":{"line":28,"column":78}},"line":28},"4":{"name":"(anonymous_4)","decl":{"start":{"line":43,"column":4},"end":{"line":43,"column":5}},"loc":{"start":{"line":43,"column":22},"end":{"line":73,"column":5}},"line":43},"5":{"name":"(anonymous_5)","decl":{"start":{"line":48,"column":90},"end":{"line":48,"column":91}},"loc":{"start":{"line":48,"column":95},"end":{"line":48,"column":102}},"line":48},"6":{"name":"(anonymous_6)","decl":{"start":{"line":75,"column":4},"end":{"line":75,"column":5}},"loc":{"start":{"line":75,"column":19},"end":{"line":77,"column":5}},"line":75}},"branchMap":{"0":{"loc":{"start":{"line":52,"column":8},"end":{"line":55,"column":9}},"type":"if","locations":[{"start":{"line":52,"column":8},"end":{"line":55,"column":9}},{"start":{},"end":{}}],"line":52},"1":{"loc":{"start":{"line":52,"column":12},"end":{"line":52,"column":75}},"type":"binary-expr","locations":[{"start":{"line":52,"column":12},"end":{"line":52,"column":31}},{"start":{"line":52,"column":35},"end":{"line":52,"column":54}},{"start":{"line":52,"column":58},"end":{"line":52,"column":75}}],"line":52},"2":{"loc":{"start":{"line":57,"column":8},"end":{"line":60,"column":9}},"type":"if","locations":[{"start":{"line":57,"column":8},"end":{"line":60,"column":9}},{"start":{},"end":{}}],"line":57},"3":{"loc":{"start":{"line":62,"column":8},"end":{"line":65,"column":9}},"type":"if","locations":[{"start":{"line":62,"column":8},"end":{"line":65,"column":9}},{"start":{},"end":{}}],"line":62},"4":{"loc":{"start":{"line":68,"column":8},"end":{"line":72,"column":9}},"type":"if","locations":[{"start":{"line":68,"column":8},"end":{"line":72,"column":9}},{"start":{},"end":{}}],"line":68}},"s":{"0":0,"1":0,"2":0,"3":0,"4":0,"5":0,"6":0,"7":0,"8":0,"9":0,"10":0,"11":0,"12":0,"13":0,"14":0,"15":0,"16":0,"17":0,"18":0,"19":0,"20":0,"21":0,"22":0,"23":0,"24":0},"f":{"0":0,"1":0,"2":0,"3":0,"4":0,"5":0,"6":0},"b":{"0":[0,0],"1":[0,0,0],"2":[0,0],"3":[0,0],"4":[0,0]}}
,"C:\\Users\\Alexe\\WebstormProjects\\FlowBack\\js\\config.js": {"path":"C:\\Users\\Alexe\\WebstormProjects\\FlowBack\\js\\config.js","statementMap":{"0":{"start":{"line":2,"column":15},"end":{"line":62,"column":1}},"1":{"start":{"line":64,"column":0},"end":{"line":64,"column":24}}},"fnMap":{},"branchMap":{},"s":{"0":5,"1":5},"f":{},"b":{},"_coverageSchema":"1a1c01bbd47fc00a2c39e90264f33305004495a9","hash":"cd35f2e13deed1686f41134c2dbb984e6b84b138"}
,"C:\\Users\\Alexe\\WebstormProjects\\FlowBack\\js\\dashboard.js": {"path":"C:\\Users\\Alexe\\WebstormProjects\\FlowBack\\js\\dashboard.js","statementMap":{"0":{"start":{"line":2,"column":25},"end":{"line":104,"column":1}},"1":{"start":{"line":6,"column":24},"end":{"line":6,"column":46}},"2":{"start":{"line":7,"column":26},"end":{"line":7,"column":50}},"3":{"start":{"line":9,"column":33},"end":{"line":9,"column":69}},"4":{"start":{"line":10,"column":8},"end":{"line":48,"column":6}},"5":{"start":{"line":50,"column":8},"end":{"line":50,"column":70}},"6":{"start":{"line":50,"column":25},"end":{"line":50,"column":63}},"7":{"start":{"line":54,"column":26},"end":{"line":59,"column":9}},"8":{"start":{"line":61,"column":8},"end":{"line":67,"column":6}},"9":{"start":{"line":71,"column":23},"end":{"line":71,"column":58}},"10":{"start":{"line":72,"column":8},"end":{"line":72,"column":28}},"11":{"start":{"line":72,"column":21},"end":{"line":72,"column":28}},"12":{"start":{"line":74,"column":8},"end":{"line":76,"column":9}},"13":{"start":{"line":75,"column":12},"end":{"line":75,"column":36}},"14":{"start":{"line":78,"column":8},"end":{"line":102,"column":11}},"15":{"start":{"line":107,"column":0},"end":{"line":109,"column":1}},"16":{"start":{"line":108,"column":4},"end":{"line":108,"column":38}}},"fnMap":{"0":{"name":"(anonymous_0)","decl":{"start":{"line":5,"column":4},"end":{"line":5,"column":5}},"loc":{"start":{"line":5,"column":19},"end":{"line":51,"column":5}},"line":5},"1":{"name":"(anonymous_1)","decl":{"start":{"line":50,"column":19},"end":{"line":50,"column":20}},"loc":{"start":{"line":50,"column":25},"end":{"line":50,"column":63}},"line":50},"2":{"name":"(anonymous_2)","decl":{"start":{"line":53,"column":4},"end":{"line":53,"column":5}},"loc":{"start":{"line":53,"column":58},"end":{"line":68,"column":5}},"line":53},"3":{"name":"(anonymous_3)","decl":{"start":{"line":70,"column":4},"end":{"line":70,"column":5}},"loc":{"start":{"line":70,"column":23},"end":{"line":103,"column":5}},"line":70}},"branchMap":{"0":{"loc":{"start":{"line":65,"column":37},"end":{"line":65,"column":128}},"type":"cond-expr","locations":[{"start":{"line":65,"column":106},"end":{"line":65,"column":112}},{"start":{"line":65,"column":115},"end":{"line":65,"column":128}}],"line":65},"1":{"loc":{"start":{"line":65,"column":37},"end":{"line":65,"column":103}},"type":"binary-expr","locations":[{"start":{"line":65,"column":37},"end":{"line":65,"column":68}},{"start":{"line":65,"column":72},"end":{"line":65,"column":103}}],"line":65},"2":{"loc":{"start":{"line":72,"column":8},"end":{"line":72,"column":28}},"type":"if","locations":[{"start":{"line":72,"column":8},"end":{"line":72,"column":28}},{"start":{},"end":{}}],"line":72},"3":{"loc":{"start":{"line":74,"column":8},"end":{"line":76,"column":9}},"type":"if","locations":[{"start":{"line":74,"column":8},"end":{"line":76,"column":9}},{"start":{},"end":{}}],"line":74},"4":{"loc":{"start":{"line":107,"column":0},"end":{"line":109,"column":1}},"type":"if","locations":[{"start":{"line":107,"column":0},"end":{"line":109,"column":1}},{"start":{},"end":{}}],"line":107}},"s":{"0":0,"1":0,"2":0,"3":0,"4":0,"5":0,"6":0,"7":0,"8":0,"9":0,"10":0,"11":0,"12":0,"13":0,"14":0,"15":0,"16":0},"f":{"0":0,"1":0,"2":0,"3":0},"b":{"0":[0,0],"1":[0,0],"2":[0,0],"3":[0,0],"4":[0,0]}}
,"C:\\Users\\Alexe\\WebstormProjects\\FlowBack\\js\\feedback.js": {"path":"C:\\Users\\Alexe\\WebstormProjects\\FlowBack\\js\\feedback.js","statementMap":{"0":{"start":{"line":2,"column":24},"end":{"line":87,"column":1}},"1":{"start":{"line":4,"column":25},"end":{"line":4,"column":48}},"2":{"start":{"line":6,"column":32},"end":{"line":6,"column":67}},"3":{"start":{"line":7,"column":8},"end":{"line":29,"column":6}},"4":{"start":{"line":25,"column":31},"end":{"line":25,"column":60}},"5":{"start":{"line":33,"column":8},"end":{"line":53,"column":6}},"6":{"start":{"line":57,"column":22},"end":{"line":61,"column":9}},"7":{"start":{"line":62,"column":8},"end":{"line":62,"column":45}},"8":{"start":{"line":66,"column":28},"end":{"line":66,"column":75}},"9":{"start":{"line":67,"column":22},"end":{"line":67,"column":65}},"10":{"start":{"line":69,"column":8},"end":{"line":75,"column":11}},"11":{"start":{"line":70,"column":12},"end":{"line":74,"column":13}},"12":{"start":{"line":71,"column":16},"end":{"line":71,"column":45}},"13":{"start":{"line":73,"column":16},"end":{"line":73,"column":95}},"14":{"start":{"line":79,"column":28},"end":{"line":79,"column":89}},"15":{"start":{"line":80,"column":22},"end":{"line":80,"column":65}},"16":{"start":{"line":82,"column":8},"end":{"line":85,"column":11}},"17":{"start":{"line":83,"column":27},"end":{"line":83,"column":46}},"18":{"start":{"line":84,"column":12},"end":{"line":84,"column":81}},"19":{"start":{"line":90,"column":0},"end":{"line":92,"column":1}},"20":{"start":{"line":91,"column":4},"end":{"line":91,"column":37}}},"fnMap":{"0":{"name":"(anonymous_0)","decl":{"start":{"line":3,"column":4},"end":{"line":3,"column":5}},"loc":{"start":{"line":3,"column":19},"end":{"line":30,"column":5}},"line":3},"1":{"name":"(anonymous_1)","decl":{"start":{"line":25,"column":23},"end":{"line":25,"column":24}},"loc":{"start":{"line":25,"column":31},"end":{"line":25,"column":60}},"line":25},"2":{"name":"(anonymous_2)","decl":{"start":{"line":32,"column":4},"end":{"line":32,"column":5}},"loc":{"start":{"line":32,"column":29},"end":{"line":54,"column":5}},"line":32},"3":{"name":"(anonymous_3)","decl":{"start":{"line":56,"column":4},"end":{"line":56,"column":5}},"loc":{"start":{"line":56,"column":32},"end":{"line":63,"column":5}},"line":56},"4":{"name":"(anonymous_4)","decl":{"start":{"line":65,"column":4},"end":{"line":65,"column":5}},"loc":{"start":{"line":65,"column":21},"end":{"line":76,"column":5}},"line":65},"5":{"name":"(anonymous_5)","decl":{"start":{"line":69,"column":22},"end":{"line":69,"column":23}},"loc":{"start":{"line":69,"column":30},"end":{"line":75,"column":9}},"line":69},"6":{"name":"(anonymous_6)","decl":{"start":{"line":78,"column":4},"end":{"line":78,"column":5}},"loc":{"start":{"line":78,"column":21},"end":{"line":86,"column":5}},"line":78},"7":{"name":"(anonymous_7)","decl":{"start":{"line":82,"column":22},"end":{"line":82,"column":23}},"loc":{"start":{"line":82,"column":30},"end":{"line":85,"column":9}},"line":82}},"branchMap":{"0":{"loc":{"start":{"line":28,"column":8},"end":{"line":28,"column":113}},"type":"cond-expr","locations":[{"start":{"line":28,"column":32},"end":{"line":28,"column":108}},{"start":{"line":28,"column":111},"end":{"line":28,"column":113}}],"line":28},"1":{"loc":{"start":{"line":47,"column":12},"end":{"line":47,"column":80}},"type":"cond-expr","locations":[{"start":{"line":47,"column":37},"end":{"line":47,"column":75}},{"start":{"line":47,"column":78},"end":{"line":47,"column":80}}],"line":47},"2":{"loc":{"start":{"line":48,"column":12},"end":{"line":48,"column":82}},"type":"cond-expr","locations":[{"start":{"line":48,"column":37},"end":{"line":48,"column":77}},{"start":{"line":48,"column":80},"end":{"line":48,"column":82}}],"line":48},"3":{"loc":{"start":{"line":49,"column":12},"end":{"line":49,"column":85}},"type":"cond-expr","locations":[{"start":{"line":49,"column":38},"end":{"line":49,"column":80}},{"start":{"line":49,"column":83},"end":{"line":49,"column":85}}],"line":49},"4":{"loc":{"start":{"line":62,"column":15},"end":{"line":62,"column":44}},"type":"binary-expr","locations":[{"start":{"line":62,"column":15},"end":{"line":62,"column":31}},{"start":{"line":62,"column":35},"end":{"line":62,"column":44}}],"line":62},"5":{"loc":{"start":{"line":70,"column":12},"end":{"line":74,"column":13}},"type":"if","locations":[{"start":{"line":70,"column":12},"end":{"line":74,"column":13}},{"start":{"line":72,"column":19},"end":{"line":74,"column":13}}],"line":70},"6":{"loc":{"start":{"line":73,"column":37},"end":{"line":73,"column":94}},"type":"cond-expr","locations":[{"start":{"line":73,"column":78},"end":{"line":73,"column":85}},{"start":{"line":73,"column":88},"end":{"line":73,"column":94}}],"line":73},"7":{"loc":{"start":{"line":84,"column":33},"end":{"line":84,"column":80}},"type":"cond-expr","locations":[{"start":{"line":84,"column":64},"end":{"line":84,"column":71}},{"start":{"line":84,"column":74},"end":{"line":84,"column":80}}],"line":84},"8":{"loc":{"start":{"line":90,"column":0},"end":{"line":92,"column":1}},"type":"if","locations":[{"start":{"line":90,"column":0},"end":{"line":92,"column":1}},{"start":{},"end":{}}],"line":90}},"s":{"0":0,"1":0,"2":0,"3":0,"4":0,"5":0,"6":0,"7":0,"8":0,"9":0,"10":0,"11":0,"12":0,"13":0,"14":0,"15":0,"16":0,"17":0,"18":0,"19":0,"20":0},"f":{"0":0,"1":0,"2":0,"3":0,"4":0,"5":0,"6":0,"7":0},"b":{"0":[0,0],"1":[0,0],"2":[0,0],"3":[0,0],"4":[0,0],"5":[0,0],"6":[0,0],"7":[0,0],"8":[0,0]}}
,"C:\\Users\\Alexe\\WebstormProjects\\FlowBack\\js\\modals.js": {"path":"C:\\Users\\Alexe\\WebstormProjects\\FlowBack\\js\\modals.js","statementMap":{"0":{"start":{"line":2,"column":21},"end":{"line":73,"column":1}},"1":{"start":{"line":4,"column":8},"end":{"line":4,"column":52}},"2":{"start":{"line":4,"column":45},"end":{"line":4,"column":52}},"3":{"start":{"line":6,"column":8},"end":{"line":11,"column":11}},"4":{"start":{"line":7,"column":12},"end":{"line":10,"column":15}},"5":{"start":{"line":8,"column":32},"end":{"line":8,"column":54}},"6":{"start":{"line":9,"column":16},"end":{"line":9,"column":36}},"7":{"start":{"line":13,"column":8},"end":{"line":19,"column":11}},"8":{"start":{"line":14,"column":12},"end":{"line":18,"column":15}},"9":{"start":{"line":15,"column":16},"end":{"line":17,"column":17}},"10":{"start":{"line":16,"column":20},"end":{"line":16,"column":41}},"11":{"start":{"line":21,"column":8},"end":{"line":25,"column":11}},"12":{"start":{"line":22,"column":12},"end":{"line":24,"column":13}},"13":{"start":{"line":23,"column":16},"end":{"line":23,"column":32}},"14":{"start":{"line":29,"column":8},"end":{"line":29,"column":52}},"15":{"start":{"line":29,"column":45},"end":{"line":29,"column":52}},"16":{"start":{"line":31,"column":22},"end":{"line":31,"column":54}},"17":{"start":{"line":32,"column":8},"end":{"line":35,"column":9}},"18":{"start":{"line":33,"column":12},"end":{"line":33,"column":42}},"19":{"start":{"line":34,"column":12},"end":{"line":34,"column":52}},"20":{"start":{"line":39,"column":8},"end":{"line":39,"column":52}},"21":{"start":{"line":39,"column":45},"end":{"line":39,"column":52}},"22":{"start":{"line":41,"column":22},"end":{"line":41,"column":54}},"23":{"start":{"line":42,"column":8},"end":{"line":46,"column":9}},"24":{"start":{"line":43,"column":12},"end":{"line":43,"column":45}},"25":{"start":{"line":44,"column":12},"end":{"line":44,"column":46}},"26":{"start":{"line":45,"column":12},"end":{"line":45,"column":36}},"27":{"start":{"line":50,"column":8},"end":{"line":50,"column":52}},"28":{"start":{"line":50,"column":45},"end":{"line":50,"column":52}},"29":{"start":{"line":52,"column":8},"end":{"line":54,"column":11}},"30":{"start":{"line":53,"column":12},"end":{"line":53,"column":45}},"31":{"start":{"line":55,"column":8},"end":{"line":55,"column":42}},"32":{"start":{"line":59,"column":8},"end":{"line":59,"column":52}},"33":{"start":{"line":59,"column":45},"end":{"line":59,"column":52}},"34":{"start":{"line":61,"column":22},"end":{"line":61,"column":54}},"35":{"start":{"line":62,"column":8},"end":{"line":62,"column":27}},"36":{"start":{"line":62,"column":20},"end":{"line":62,"column":27}},"37":{"start":{"line":64,"column":8},"end":{"line":65,"column":50}},"38":{"start":{"line":65,"column":31},"end":{"line":65,"column":47}},"39":{"start":{"line":67,"column":8},"end":{"line":68,"column":59}},"40":{"start":{"line":68,"column":32},"end":{"line":68,"column":56}},"41":{"start":{"line":70,"column":8},"end":{"line":71,"column":61}},"42":{"start":{"line":71,"column":34},"end":{"line":71,"column":58}},"43":{"start":{"line":76,"column":0},"end":{"line":78,"column":1}},"44":{"start":{"line":77,"column":4},"end":{"line":77,"column":34}}},"fnMap":{"0":{"name":"(anonymous_0)","decl":{"start":{"line":3,"column":4},"end":{"line":3,"column":5}},"loc":{"start":{"line":3,"column":11},"end":{"line":26,"column":5}},"line":3},"1":{"name":"(anonymous_1)","decl":{"start":{"line":6,"column":58},"end":{"line":6,"column":59}},"loc":{"start":{"line":6,"column":65},"end":{"line":11,"column":9}},"line":6},"2":{"name":"(anonymous_2)","decl":{"start":{"line":7,"column":42},"end":{"line":7,"column":43}},"loc":{"start":{"line":7,"column":49},"end":{"line":10,"column":13}},"line":7},"3":{"name":"(anonymous_3)","decl":{"start":{"line":13,"column":52},"end":{"line":13,"column":53}},"loc":{"start":{"line":13,"column":61},"end":{"line":19,"column":9}},"line":13},"4":{"name":"(anonymous_4)","decl":{"start":{"line":14,"column":44},"end":{"line":14,"column":45}},"loc":{"start":{"line":14,"column":51},"end":{"line":18,"column":13}},"line":14},"5":{"name":"(anonymous_5)","decl":{"start":{"line":21,"column":45},"end":{"line":21,"column":46}},"loc":{"start":{"line":21,"column":52},"end":{"line":25,"column":9}},"line":21},"6":{"name":"(anonymous_6)","decl":{"start":{"line":28,"column":4},"end":{"line":28,"column":5}},"loc":{"start":{"line":28,"column":18},"end":{"line":36,"column":5}},"line":28},"7":{"name":"(anonymous_7)","decl":{"start":{"line":38,"column":4},"end":{"line":38,"column":5}},"loc":{"start":{"line":38,"column":19},"end":{"line":47,"column":5}},"line":38},"8":{"name":"(anonymous_8)","decl":{"start":{"line":49,"column":4},"end":{"line":49,"column":5}},"loc":{"start":{"line":49,"column":15},"end":{"line":56,"column":5}},"line":49},"9":{"name":"(anonymous_9)","decl":{"start":{"line":52,"column":59},"end":{"line":52,"column":60}},"loc":{"start":{"line":52,"column":68},"end":{"line":54,"column":9}},"line":52},"10":{"name":"(anonymous_10)","decl":{"start":{"line":58,"column":4},"end":{"line":58,"column":5}},"loc":{"start":{"line":58,"column":23},"end":{"line":72,"column":5}},"line":58},"11":{"name":"(anonymous_11)","decl":{"start":{"line":65,"column":21},"end":{"line":65,"column":22}},"loc":{"start":{"line":65,"column":31},"end":{"line":65,"column":47}},"line":65},"12":{"name":"(anonymous_12)","decl":{"start":{"line":68,"column":21},"end":{"line":68,"column":22}},"loc":{"start":{"line":68,"column":32},"end":{"line":68,"column":56}},"line":68},"13":{"name":"(anonymous_13)","decl":{"start":{"line":71,"column":21},"end":{"line":71,"column":22}},"loc":{"start":{"line":71,"column":34},"end":{"line":71,"column":58}},"line":71}},"branchMap":{"0":{"loc":{"start":{"line":4,"column":8},"end":{"line":4,"column":52}},"type":"if","locations":[{"start":{"line":4,"column":8},"end":{"line":4,"column":52}},{"start":{},"end":{}}],"line":4},"1":{"loc":{"start":{"line":15,"column":16},"end":{"line":17,"column":17}},"type":"if","locations":[{"start":{"line":15,"column":16},"end":{"line":17,"column":17}},{"start":{},"end":{}}],"line":15},"2":{"loc":{"start":{"line":22,"column":12},"end":{"line":24,"column":13}},"type":"if","locations":[{"start":{"line":22,"column":12},"end":{"line":24,"column":13}},{"start":{},"end":{}}],"line":22},"3":{"loc":{"start":{"line":29,"column":8},"end":{"line":29,"column":52}},"type":"if","locations":[{"start":{"line":29,"column":8},"end":{"line":29,"column":52}},{"start":{},"end":{}}],"line":29},"4":{"loc":{"start":{"line":32,"column":8},"end":{"line":35,"column":9}},"type":"if","locations":[{"start":{"line":32,"column":8},"end":{"line":35,"column":9}},{"start":{},"end":{}}],"line":32},"5":{"loc":{"start":{"line":39,"column":8},"end":{"line":39,"column":52}},"type":"if","locations":[{"start":{"line":39,"column":8},"end":{"line":39,"column":52}},{"start":{},"end":{}}],"line":39},"6":{"loc":{"start":{"line":42,"column":8},"end":{"line":46,"column":9}},"type":"if","locations":[{"start":{"line":42,"column":8},"end":{"line":46,"column":9}},{"start":{},"end":{}}],"line":42},"7":{"loc":{"start":{"line":50,"column":8},"end":{"line":50,"column":52}},"type":"if","locations":[{"start":{"line":50,"column":8},"end":{"line":50,"column":52}},{"start":{},"end":{}}],"line":50},"8":{"loc":{"start":{"line":59,"column":8},"end":{"line":59,"column":52}},"type":"if","locations":[{"start":{"line":59,"column":8},"end":{"line":59,"column":52}},{"start":{},"end":{}}],"line":59},"9":{"loc":{"start":{"line":62,"column":8},"end":{"line":62,"column":27}},"type":"if","locations":[{"start":{"line":62,"column":8},"end":{"line":62,"column":27}},{"start":{},"end":{}}],"line":62},"10":{"loc":{"start":{"line":76,"column":0},"end":{"line":78,"column":1}},"type":"if","locations":[{"start":{"line":76,"column":0},"end":{"line":78,"column":1}},{"start":{},"end":{}}],"line":76}},"s":{"0":0,"1":0,"2":0,"3":0,"4":0,"5":0,"6":0,"7":0,"8":0,"9":0,"10":0,"11":0,"12":0,"13":0,"14":0,"15":0,"16":0,"17":0,"18":0,"19":0,"20":0,"21":0,"22":0,"23":0,"24":0,"25":0,"26":0,"27":0,"28":0,"29":0,"30":0,"31":0,"32":0,"33":0,"34":0,"35":0,"36":0,"37":0,"38":0,"39":0,"40":0,"41":0,"42":0,"43":0,"44":0},"f":{"0":0,"1":0,"2":0,"3":0,"4":0,"5":0,"6":0,"7":0,"8":0,"9":0,"10":0,"11":0,"12":0,"13":0},"b":{"0":[0,0],"1":[0,0],"2":[0,0],"3":[0,0],"4":[0,0],"5":[0,0],"6":[0,0],"7":[0,0],"8":[0,0],"9":[0,0],"10":[0,0]}}
,"C:\\Users\\Alexe\\WebstormProjects\\FlowBack\\js\\navigation.js": {"path":"C:\\Users\\Alexe\\WebstormProjects\\FlowBack\\js\\navigation.js","statementMap":{"0":{"start":{"line":2,"column":19},"end":{"line":97,"column":1}},"1":{"start":{"line":4,"column":8},"end":{"line":4,"column":52}},"2":{"start":{"line":4,"column":45},"end":{"line":4,"column":52}},"3":{"start":{"line":6,"column":8},"end":{"line":11,"column":11}},"4":{"start":{"line":7,"column":12},"end":{"line":10,"column":15}},"5":{"start":{"line":8,"column":30},"end":{"line":8,"column":50}},"6":{"start":{"line":9,"column":16},"end":{"line":9,"column":38}},"7":{"start":{"line":15,"column":8},"end":{"line":15,"column":52}},"8":{"start":{"line":15,"column":45},"end":{"line":15,"column":52}},"9":{"start":{"line":17,"column":8},"end":{"line":19,"column":11}},"10":{"start":{"line":18,"column":12},"end":{"line":18,"column":47}},"11":{"start":{"line":21,"column":30},"end":{"line":21,"column":60}},"12":{"start":{"line":22,"column":8},"end":{"line":24,"column":9}},"13":{"start":{"line":23,"column":12},"end":{"line":23,"column":50}},"14":{"start":{"line":26,"column":8},"end":{"line":28,"column":11}},"15":{"start":{"line":27,"column":12},"end":{"line":27,"column":43}},"16":{"start":{"line":30,"column":26},"end":{"line":30,"column":73}},"17":{"start":{"line":31,"column":8},"end":{"line":33,"column":9}},"18":{"start":{"line":32,"column":12},"end":{"line":32,"column":46}},"19":{"start":{"line":35,"column":8},"end":{"line":37,"column":9}},"20":{"start":{"line":36,"column":12},"end":{"line":36,"column":37}},"21":{"start":{"line":39,"column":8},"end":{"line":39,"column":35}},"22":{"start":{"line":43,"column":8},"end":{"line":65,"column":9}},"23":{"start":{"line":45,"column":16},"end":{"line":45,"column":93}},"24":{"start":{"line":45,"column":61},"end":{"line":45,"column":93}},"25":{"start":{"line":46,"column":16},"end":{"line":46,"column":22}},"26":{"start":{"line":48,"column":16},"end":{"line":48,"column":87}},"27":{"start":{"line":48,"column":58},"end":{"line":48,"column":87}},"28":{"start":{"line":49,"column":16},"end":{"line":49,"column":22}},"29":{"start":{"line":51,"column":16},"end":{"line":51,"column":97}},"30":{"start":{"line":51,"column":58},"end":{"line":51,"column":97}},"31":{"start":{"line":52,"column":16},"end":{"line":52,"column":22}},"32":{"start":{"line":54,"column":16},"end":{"line":54,"column":87}},"33":{"start":{"line":54,"column":58},"end":{"line":54,"column":87}},"34":{"start":{"line":55,"column":16},"end":{"line":55,"column":22}},"35":{"start":{"line":57,"column":16},"end":{"line":57,"column":93}},"36":{"start":{"line":57,"column":61},"end":{"line":57,"column":93}},"37":{"start":{"line":58,"column":16},"end":{"line":58,"column":22}},"38":{"start":{"line":60,"column":16},"end":{"line":60,"column":91}},"39":{"start":{"line":60,"column":60},"end":{"line":60,"column":91}},"40":{"start":{"line":61,"column":16},"end":{"line":61,"column":22}},"41":{"start":{"line":63,"column":16},"end":{"line":63,"column":38}},"42":{"start":{"line":64,"column":16},"end":{"line":64,"column":22}},"43":{"start":{"line":69,"column":8},"end":{"line":69,"column":52}},"44":{"start":{"line":69,"column":45},"end":{"line":69,"column":52}},"45":{"start":{"line":71,"column":32},"end":{"line":71,"column":67}},"46":{"start":{"line":72,"column":8},"end":{"line":72,"column":37}},"47":{"start":{"line":72,"column":30},"end":{"line":72,"column":37}},"48":{"start":{"line":74,"column":8},"end":{"line":95,"column":6}},"49":{"start":{"line":100,"column":0},"end":{"line":102,"column":1}},"50":{"start":{"line":101,"column":4},"end":{"line":101,"column":32}}},"fnMap":{"0":{"name":"(anonymous_0)","decl":{"start":{"line":3,"column":4},"end":{"line":3,"column":5}},"loc":{"start":{"line":3,"column":11},"end":{"line":12,"column":5}},"line":3},"1":{"name":"(anonymous_1)","decl":{"start":{"line":6,"column":50},"end":{"line":6,"column":51}},"loc":{"start":{"line":6,"column":57},"end":{"line":11,"column":9}},"line":6},"2":{"name":"(anonymous_2)","decl":{"start":{"line":7,"column":42},"end":{"line":7,"column":43}},"loc":{"start":{"line":7,"column":49},"end":{"line":10,"column":13}},"line":7},"3":{"name":"(anonymous_3)","decl":{"start":{"line":14,"column":4},"end":{"line":14,"column":5}},"loc":{"start":{"line":14,"column":21},"end":{"line":40,"column":5}},"line":14},"4":{"name":"(anonymous_4)","decl":{"start":{"line":17,"column":62},"end":{"line":17,"column":63}},"loc":{"start":{"line":17,"column":73},"end":{"line":19,"column":9}},"line":17},"5":{"name":"(anonymous_5)","decl":{"start":{"line":26,"column":50},"end":{"line":26,"column":51}},"loc":{"start":{"line":26,"column":57},"end":{"line":28,"column":9}},"line":26},"6":{"name":"(anonymous_6)","decl":{"start":{"line":42,"column":4},"end":{"line":42,"column":5}},"loc":{"start":{"line":42,"column":32},"end":{"line":66,"column":5}},"line":42},"7":{"name":"(anonymous_7)","decl":{"start":{"line":68,"column":4},"end":{"line":68,"column":5}},"loc":{"start":{"line":68,"column":21},"end":{"line":96,"column":5}},"line":68}},"branchMap":{"0":{"loc":{"start":{"line":4,"column":8},"end":{"line":4,"column":52}},"type":"if","locations":[{"start":{"line":4,"column":8},"end":{"line":4,"column":52}},{"start":{},"end":{}}],"line":4},"1":{"loc":{"start":{"line":15,"column":8},"end":{"line":15,"column":52}},"type":"if","locations":[{"start":{"line":15,"column":8},"end":{"line":15,"column":52}},{"start":{},"end":{}}],"line":15},"2":{"loc":{"start":{"line":22,"column":8},"end":{"line":24,"column":9}},"type":"if","locations":[{"start":{"line":22,"column":8},"end":{"line":24,"column":9}},{"start":{},"end":{}}],"line":22},"3":{"loc":{"start":{"line":31,"column":8},"end":{"line":33,"column":9}},"type":"if","locations":[{"start":{"line":31,"column":8},"end":{"line":33,"column":9}},{"start":{},"end":{}}],"line":31},"4":{"loc":{"start":{"line":35,"column":8},"end":{"line":37,"column":9}},"type":"if","locations":[{"start":{"line":35,"column":8},"end":{"line":37,"column":9}},{"start":{},"end":{}}],"line":35},"5":{"loc":{"start":{"line":43,"column":8},"end":{"line":65,"column":9}},"type":"switch","locations":[{"start":{"line":44,"column":12},"end":{"line":46,"column":22}},{"start":{"line":47,"column":12},"end":{"line":49,"column":22}},{"start":{"line":50,"column":12},"end":{"line":52,"column":22}},{"start":{"line":53,"column":12},"end":{"line":55,"column":22}},{"start":{"line":56,"column":12},"end":{"line":58,"column":22}},{"start":{"line":59,"column":12},"end":{"line":61,"column":22}},{"start":{"line":62,"column":12},"end":{"line":64,"column":22}}],"line":43},"6":{"loc":{"start":{"line":45,"column":16},"end":{"line":45,"column":93}},"type":"if","locations":[{"start":{"line":45,"column":16},"end":{"line":45,"column":93}},{"start":{},"end":{}}],"line":45},"7":{"loc":{"start":{"line":48,"column":16},"end":{"line":48,"column":87}},"type":"if","locations":[{"start":{"line":48,"column":16},"end":{"line":48,"column":87}},{"start":{},"end":{}}],"line":48},"8":{"loc":{"start":{"line":51,"column":16},"end":{"line":51,"column":97}},"type":"if","locations":[{"start":{"line":51,"column":16},"end":{"line":51,"column":97}},{"start":{},"end":{}}],"line":51},"9":{"loc":{"start":{"line":54,"column":16},"end":{"line":54,"column":87}},"type":"if","locations":[{"start":{"line":54,"column":16},"end":{"line":54,"column":87}},{"start":{},"end":{}}],"line":54},"10":{"loc":{"start":{"line":57,"column":16},"end":{"line":57,"column":93}},"type":"if","locations":[{"start":{"line":57,"column":16},"end":{"line":57,"column":93}},{"start":{},"end":{}}],"line":57},"11":{"loc":{"start":{"line":60,"column":16},"end":{"line":60,"column":91}},"type":"if","locations":[{"start":{"line":60,"column":16},"end":{"line":60,"column":91}},{"start":{},"end":{}}],"line":60},"12":{"loc":{"start":{"line":69,"column":8},"end":{"line":69,"column":52}},"type":"if","locations":[{"start":{"line":69,"column":8},"end":{"line":69,"column":52}},{"start":{},"end":{}}],"line":69},"13":{"loc":{"start":{"line":72,"column":8},"end":{"line":72,"column":37}},"type":"if","locations":[{"start":{"line":72,"column":8},"end":{"line":72,"column":37}},{"start":{},"end":{}}],"line":72},"14":{"loc":{"start":{"line":100,"column":0},"end":{"line":102,"column":1}},"type":"if","locations":[{"start":{"line":100,"column":0},"end":{"line":102,"column":1}},{"start":{},"end":{}}],"line":100}},"s":{"0":0,"1":0,"2":0,"3":0,"4":0,"5":0,"6":0,"7":0,"8":0,"9":0,"10":0,"11":0,"12":0,"13":0,"14":0,"15":0,"16":0,"17":0,"18":0,"19":0,"20":0,"21":0,"22":0,"23":0,"24":0,"25":0,"26":0,"27":0,"28":0,"29":0,"30":0,"31":0,"32":0,"33":0,"34":0,"35":0,"36":0,"37":0,"38":0,"39":0,"40":0,"41":0,"42":0,"43":0,"44":0,"45":0,"46":0,"47":0,"48":0,"49":0,"50":0},"f":{"0":0,"1":0,"2":0,"3":0,"4":0,"5":0,"6":0,"7":0},"b":{"0":[0,0],"1":[0,0],"2":[0,0],"3":[0,0],"4":[0,0],"5":[0,0,0,0,0,0,0],"6":[0,0],"7":[0,0],"8":[0,0],"9":[0,0],"10":[0,0],"11":[0,0],"12":[0,0],"13":[0,0],"14":[0,0]}}
,"C:\\Users\\Alexe\\WebstormProjects\\FlowBack\\js\\state.js": {"path":"C:\\Users\\Alexe\\WebstormProjects\\FlowBack\\js\\state.js","statementMap":{"0":{"start":{"line":2,"column":14},"end":{"line":154,"column":1}},"1":{"start":{"line":122,"column":8},"end":{"line":122,"column":28}},"2":{"start":{"line":126,"column":8},"end":{"line":126,"column":51}},"3":{"start":{"line":126,"column":38},"end":{"line":126,"column":49}},"4":{"start":{"line":130,"column":8},"end":{"line":130,"column":44}},"5":{"start":{"line":131,"column":8},"end":{"line":131,"column":34}},"6":{"start":{"line":135,"column":8},"end":{"line":135,"column":28}},"7":{"start":{"line":139,"column":8},"end":{"line":139,"column":44}},"8":{"start":{"line":140,"column":8},"end":{"line":140,"column":34}},"9":{"start":{"line":144,"column":8},"end":{"line":144,"column":28}},"10":{"start":{"line":148,"column":8},"end":{"line":148,"column":29}},"11":{"start":{"line":152,"column":8},"end":{"line":152,"column":30}},"12":{"start":{"line":156,"column":0},"end":{"line":156,"column":23}}},"fnMap":{"0":{"name":"(anonymous_0)","decl":{"start":{"line":121,"column":4},"end":{"line":121,"column":5}},"loc":{"start":{"line":121,"column":17},"end":{"line":123,"column":5}},"line":121},"1":{"name":"(anonymous_1)","decl":{"start":{"line":125,"column":4},"end":{"line":125,"column":5}},"loc":{"start":{"line":125,"column":22},"end":{"line":127,"column":5}},"line":125},"2":{"name":"(anonymous_2)","decl":{"start":{"line":126,"column":33},"end":{"line":126,"column":34}},"loc":{"start":{"line":126,"column":38},"end":{"line":126,"column":49}},"line":126},"3":{"name":"(anonymous_3)","decl":{"start":{"line":129,"column":4},"end":{"line":129,"column":5}},"loc":{"start":{"line":129,"column":22},"end":{"line":132,"column":5}},"line":129},"4":{"name":"(anonymous_4)","decl":{"start":{"line":134,"column":4},"end":{"line":134,"column":5}},"loc":{"start":{"line":134,"column":17},"end":{"line":136,"column":5}},"line":134},"5":{"name":"(anonymous_5)","decl":{"start":{"line":138,"column":4},"end":{"line":138,"column":5}},"loc":{"start":{"line":138,"column":22},"end":{"line":141,"column":5}},"line":138},"6":{"name":"(anonymous_6)","decl":{"start":{"line":143,"column":4},"end":{"line":143,"column":5}},"loc":{"start":{"line":143,"column":17},"end":{"line":145,"column":5}},"line":143},"7":{"name":"(anonymous_7)","decl":{"start":{"line":147,"column":4},"end":{"line":147,"column":5}},"loc":{"start":{"line":147,"column":18},"end":{"line":149,"column":5}},"line":147},"8":{"name":"(anonymous_8)","decl":{"start":{"line":151,"column":4},"end":{"line":151,"column":5}},"loc":{"start":{"line":151,"column":19},"end":{"line":153,"column":5}},"line":151}},"branchMap":{},"s":{"0":5,"1":4,"2":3,"3":4,"4":3,"5":3,"6":4,"7":3,"8":3,"9":3,"10":2,"11":3,"12":5},"f":{"0":4,"1":3,"2":4,"3":3,"4":4,"5":3,"6":3,"7":2,"8":3},"b":{},"_coverageSchema":"1a1c01bbd47fc00a2c39e90264f33305004495a9","hash":"8edc20cb0ece5dabd57299f0e53d331cacc927bd"}
,"C:\\Users\\Alexe\\WebstormProjects\\FlowBack\\js\\surveys.js": {"path":"C:\\Users\\Alexe\\WebstormProjects\\FlowBack\\js\\surveys.js","statementMap":{"0":{"start":{"line":2,"column":22},"end":{"line":182,"column":1}},"1":{"start":{"line":6,"column":8},"end":{"line":6,"column":52}},"2":{"start":{"line":6,"column":45},"end":{"line":6,"column":52}},"3":{"start":{"line":7,"column":8},"end":{"line":7,"column":37}},"4":{"start":{"line":7,"column":30},"end":{"line":7,"column":37}},"5":{"start":{"line":9,"column":24},"end":{"line":9,"column":46}},"6":{"start":{"line":11,"column":31},"end":{"line":11,"column":65}},"7":{"start":{"line":12,"column":8},"end":{"line":12,"column":36}},"8":{"start":{"line":12,"column":29},"end":{"line":12,"column":36}},"9":{"start":{"line":14,"column":8},"end":{"line":19,"column":6}},"10":{"start":{"line":17,"column":32},"end":{"line":17,"column":61}},"11":{"start":{"line":23,"column":28},"end":{"line":23,"column":67}},"12":{"start":{"line":24,"column":27},"end":{"line":24,"column":83}},"13":{"start":{"line":26,"column":8},"end":{"line":44,"column":6}},"14":{"start":{"line":48,"column":8},"end":{"line":48,"column":52}},"15":{"start":{"line":48,"column":45},"end":{"line":48,"column":52}},"16":{"start":{"line":50,"column":30},"end":{"line":50,"column":63}},"17":{"start":{"line":51,"column":8},"end":{"line":51,"column":35}},"18":{"start":{"line":51,"column":28},"end":{"line":51,"column":35}},"19":{"start":{"line":53,"column":8},"end":{"line":137,"column":6}},"20":{"start":{"line":141,"column":8},"end":{"line":141,"column":29}},"21":{"start":{"line":141,"column":22},"end":{"line":141,"column":29}},"22":{"start":{"line":143,"column":8},"end":{"line":143,"column":45}},"23":{"start":{"line":145,"column":22},"end":{"line":145,"column":62}},"24":{"start":{"line":146,"column":8},"end":{"line":150,"column":9}},"25":{"start":{"line":147,"column":12},"end":{"line":147,"column":51}},"26":{"start":{"line":149,"column":12},"end":{"line":149,"column":50}},"27":{"start":{"line":154,"column":8},"end":{"line":154,"column":52}},"28":{"start":{"line":154,"column":45},"end":{"line":154,"column":52}},"29":{"start":{"line":155,"column":8},"end":{"line":155,"column":39}},"30":{"start":{"line":155,"column":32},"end":{"line":155,"column":39}},"31":{"start":{"line":157,"column":27},"end":{"line":164,"column":9}},"32":{"start":{"line":166,"column":8},"end":{"line":169,"column":9}},"33":{"start":{"line":167,"column":12},"end":{"line":167,"column":74}},"34":{"start":{"line":168,"column":12},"end":{"line":168,"column":19}},"35":{"start":{"line":171,"column":23},"end":{"line":171,"column":57}},"36":{"start":{"line":172,"column":8},"end":{"line":175,"column":9}},"37":{"start":{"line":173,"column":12},"end":{"line":173,"column":63}},"38":{"start":{"line":174,"column":12},"end":{"line":174,"column":47}},"39":{"start":{"line":179,"column":8},"end":{"line":179,"column":60}},"40":{"start":{"line":185,"column":0},"end":{"line":187,"column":1}},"41":{"start":{"line":186,"column":4},"end":{"line":186,"column":35}}},"fnMap":{"0":{"name":"(anonymous_0)","decl":{"start":{"line":5,"column":4},"end":{"line":5,"column":5}},"loc":{"start":{"line":5,"column":19},"end":{"line":20,"column":5}},"line":5},"1":{"name":"(anonymous_1)","decl":{"start":{"line":17,"column":22},"end":{"line":17,"column":23}},"loc":{"start":{"line":17,"column":32},"end":{"line":17,"column":61}},"line":17},"2":{"name":"(anonymous_2)","decl":{"start":{"line":22,"column":4},"end":{"line":22,"column":5}},"loc":{"start":{"line":22,"column":29},"end":{"line":45,"column":5}},"line":22},"3":{"name":"(anonymous_3)","decl":{"start":{"line":47,"column":4},"end":{"line":47,"column":5}},"loc":{"start":{"line":47,"column":29},"end":{"line":138,"column":5}},"line":47},"4":{"name":"(anonymous_4)","decl":{"start":{"line":140,"column":4},"end":{"line":140,"column":5}},"loc":{"start":{"line":140,"column":38},"end":{"line":151,"column":5}},"line":140},"5":{"name":"(anonymous_5)","decl":{"start":{"line":153,"column":4},"end":{"line":153,"column":5}},"loc":{"start":{"line":153,"column":25},"end":{"line":176,"column":5}},"line":153},"6":{"name":"(anonymous_6)","decl":{"start":{"line":178,"column":4},"end":{"line":178,"column":5}},"loc":{"start":{"line":178,"column":19},"end":{"line":181,"column":5}},"line":178}},"branchMap":{"0":{"loc":{"start":{"line":6,"column":8},"end":{"line":6,"column":52}},"type":"if","locations":[{"start":{"line":6,"column":8},"end":{"line":6,"column":52}},{"start":{},"end":{}}],"line":6},"1":{"loc":{"start":{"line":7,"column":8},"end":{"line":7,"column":37}},"type":"if","locations":[{"start":{"line":7,"column":8},"end":{"line":7,"column":37}},{"start":{},"end":{}}],"line":7},"2":{"loc":{"start":{"line":12,"column":8},"end":{"line":12,"column":36}},"type":"if","locations":[{"start":{"line":12,"column":8},"end":{"line":12,"column":36}},{"start":{},"end":{}}],"line":12},"3":{"loc":{"start":{"line":23,"column":28},"end":{"line":23,"column":67}},"type":"cond-expr","locations":[{"start":{"line":23,"column":57},"end":{"line":23,"column":60}},{"start":{"line":23,"column":63},"end":{"line":23,"column":67}}],"line":23},"4":{"loc":{"start":{"line":24,"column":27},"end":{"line":24,"column":83}},"type":"cond-expr","locations":[{"start":{"line":24,"column":56},"end":{"line":24,"column":65}},{"start":{"line":24,"column":68},"end":{"line":24,"column":83}}],"line":24},"5":{"loc":{"start":{"line":38,"column":31},"end":{"line":38,"column":91}},"type":"cond-expr","locations":[{"start":{"line":38,"column":60},"end":{"line":38,"column":73}},{"start":{"line":38,"column":76},"end":{"line":38,"column":91}}],"line":38},"6":{"loc":{"start":{"line":40,"column":14},"end":{"line":40,"column":71}},"type":"cond-expr","locations":[{"start":{"line":40,"column":43},"end":{"line":40,"column":53}},{"start":{"line":40,"column":56},"end":{"line":40,"column":71}}],"line":40},"7":{"loc":{"start":{"line":48,"column":8},"end":{"line":48,"column":52}},"type":"if","locations":[{"start":{"line":48,"column":8},"end":{"line":48,"column":52}},{"start":{},"end":{}}],"line":48},"8":{"loc":{"start":{"line":51,"column":8},"end":{"line":51,"column":35}},"type":"if","locations":[{"start":{"line":51,"column":8},"end":{"line":51,"column":35}},{"start":{},"end":{}}],"line":51},"9":{"loc":{"start":{"line":141,"column":8},"end":{"line":141,"column":29}},"type":"if","locations":[{"start":{"line":141,"column":8},"end":{"line":141,"column":29}},{"start":{},"end":{}}],"line":141},"10":{"loc":{"start":{"line":146,"column":8},"end":{"line":150,"column":9}},"type":"if","locations":[{"start":{"line":146,"column":8},"end":{"line":150,"column":9}},{"start":{"line":148,"column":15},"end":{"line":150,"column":9}}],"line":146},"11":{"loc":{"start":{"line":154,"column":8},"end":{"line":154,"column":52}},"type":"if","locations":[{"start":{"line":154,"column":8},"end":{"line":154,"column":52}},{"start":{},"end":{}}],"line":154},"12":{"loc":{"start":{"line":155,"column":8},"end":{"line":155,"column":39}},"type":"if","locations":[{"start":{"line":155,"column":8},"end":{"line":155,"column":39}},{"start":{},"end":{}}],"line":155},"13":{"loc":{"start":{"line":158,"column":18},"end":{"line":158,"column":68}},"type":"binary-expr","locations":[{"start":{"line":158,"column":18},"end":{"line":158,"column":62}},{"start":{"line":158,"column":66},"end":{"line":158,"column":68}}],"line":158},"14":{"loc":{"start":{"line":159,"column":28},"end":{"line":159,"column":82}},"type":"binary-expr","locations":[{"start":{"line":159,"column":28},"end":{"line":159,"column":76}},{"start":{"line":159,"column":80},"end":{"line":159,"column":82}}],"line":159},"15":{"loc":{"start":{"line":160,"column":20},"end":{"line":160,"column":72}},"type":"binary-expr","locations":[{"start":{"line":160,"column":20},"end":{"line":160,"column":66}},{"start":{"line":160,"column":70},"end":{"line":160,"column":72}}],"line":160},"16":{"loc":{"start":{"line":166,"column":8},"end":{"line":169,"column":9}},"type":"if","locations":[{"start":{"line":166,"column":8},"end":{"line":169,"column":9}},{"start":{},"end":{}}],"line":166},"17":{"loc":{"start":{"line":172,"column":8},"end":{"line":175,"column":9}},"type":"if","locations":[{"start":{"line":172,"column":8},"end":{"line":175,"column":9}},{"start":{},"end":{}}],"line":172},"18":{"loc":{"start":{"line":185,"column":0},"end":{"line":187,"column":1}},"type":"if","locations":[{"start":{"line":185,"column":0},"end":{"line":187,"column":1}},{"start":{},"end":{}}],"line":185}},"s":{"0":0,"1":0,"2":0,"3":0,"4":0,"5":0,"6":0,"7":0,"8":0,"9":0,"10":0,"11":0,"12":0,"13":0,"14":0,"15":0,"16":0,"17":0,"18":0,"19":0,"20":0,"21":0,"22":0,"23":0,"24":0,"25":0,"26":0,"27":0,"28":0,"29":0,"30":0,"31":0,"32":0,"33":0,"34":0,"35":0,"36":0,"37":0,"38":0,"39":0,"40":0,"41":0},"f":{"0":0,"1":0,"2":0,"3":0,"4":0,"5":0,"6":0},"b":{"0":[0,0],"1":[0,0],"2":[0,0],"3":[0,0],"4":[0,0],"5":[0,0],"6":[0,0],"7":[0,0],"8":[0,0],"9":[0,0],"10":[0,0],"11":[0,0],"12":[0,0],"13":[0,0],"14":[0,0],"15":[0,0],"16":[0,0],"17":[0,0],"18":[0,0]}}
,"C:\\Users\\Alexe\\WebstormProjects\\FlowBack\\js\\utils.js": {"path":"C:\\Users\\Alexe\\WebstormProjects\\FlowBack\\js\\utils.js","statementMap":{"0":{"start":{"line":2,"column":14},"end":{"line":99,"column":1}},"1":{"start":{"line":4,"column":18},"end":{"line":4,"column":32}},"2":{"start":{"line":5,"column":24},"end":{"line":5,"column":74}},"3":{"start":{"line":6,"column":8},"end":{"line":6,"column":54}},"4":{"start":{"line":10,"column":20},"end":{"line":10,"column":30}},"5":{"start":{"line":11,"column":21},"end":{"line":11,"column":35}},"6":{"start":{"line":12,"column":23},"end":{"line":12,"column":33}},"7":{"start":{"line":13,"column":25},"end":{"line":13,"column":67}},"8":{"start":{"line":15,"column":8},"end":{"line":17,"column":9}},"9":{"start":{"line":16,"column":12},"end":{"line":16,"column":29}},"10":{"start":{"line":18,"column":8},"end":{"line":20,"column":9}},"11":{"start":{"line":19,"column":12},"end":{"line":19,"column":27}},"12":{"start":{"line":21,"column":8},"end":{"line":23,"column":9}},"13":{"start":{"line":22,"column":12},"end":{"line":22,"column":44}},"14":{"start":{"line":24,"column":8},"end":{"line":26,"column":9}},"15":{"start":{"line":25,"column":12},"end":{"line":25,"column":62}},"16":{"start":{"line":27,"column":8},"end":{"line":27,"column":60}},"17":{"start":{"line":31,"column":19},"end":{"line":31,"column":47}},"18":{"start":{"line":32,"column":8},"end":{"line":32,"column":30}},"19":{"start":{"line":36,"column":8},"end":{"line":36,"column":61}},"20":{"start":{"line":40,"column":22},"end":{"line":40,"column":55}},"21":{"start":{"line":41,"column":8},"end":{"line":43,"column":9}},"22":{"start":{"line":42,"column":12},"end":{"line":42,"column":21}},"23":{"start":{"line":44,"column":8},"end":{"line":44,"column":68}},"24":{"start":{"line":48,"column":8},"end":{"line":50,"column":9}},"25":{"start":{"line":49,"column":12},"end":{"line":49,"column":21}},"26":{"start":{"line":51,"column":20},"end":{"line":51,"column":54}},"27":{"start":{"line":51,"column":45},"end":{"line":51,"column":50}},"28":{"start":{"line":52,"column":8},"end":{"line":52,"column":49}},"29":{"start":{"line":56,"column":27},"end":{"line":56,"column":53}},"30":{"start":{"line":57,"column":8},"end":{"line":59,"column":9}},"31":{"start":{"line":58,"column":12},"end":{"line":58,"column":30}},"32":{"start":{"line":60,"column":8},"end":{"line":62,"column":9}},"33":{"start":{"line":61,"column":12},"end":{"line":61,"column":29}},"34":{"start":{"line":63,"column":8},"end":{"line":63,"column":26}},"35":{"start":{"line":67,"column":20},"end":{"line":67,"column":43}},"36":{"start":{"line":68,"column":21},"end":{"line":68,"column":73}},"37":{"start":{"line":69,"column":21},"end":{"line":69,"column":48}},"38":{"start":{"line":70,"column":8},"end":{"line":70,"column":46}},"39":{"start":{"line":71,"column":8},"end":{"line":71,"column":33}},"40":{"start":{"line":72,"column":8},"end":{"line":72,"column":21}},"41":{"start":{"line":76,"column":8},"end":{"line":78,"column":9}},"42":{"start":{"line":77,"column":12},"end":{"line":77,"column":22}},"43":{"start":{"line":79,"column":24},"end":{"line":79,"column":54}},"44":{"start":{"line":80,"column":21},"end":{"line":80,"column":66}},"45":{"start":{"line":80,"column":37},"end":{"line":80,"column":65}},"46":{"start":{"line":81,"column":8},"end":{"line":81,"column":45}},"47":{"start":{"line":86,"column":8},"end":{"line":93,"column":10}},"48":{"start":{"line":87,"column":26},"end":{"line":90,"column":13}},"49":{"start":{"line":88,"column":16},"end":{"line":88,"column":38}},"50":{"start":{"line":89,"column":16},"end":{"line":89,"column":30}},"51":{"start":{"line":91,"column":12},"end":{"line":91,"column":34}},"52":{"start":{"line":92,"column":12},"end":{"line":92,"column":46}},"53":{"start":{"line":97,"column":8},"end":{"line":97,"column":23}},"54":{"start":{"line":101,"column":0},"end":{"line":101,"column":23}}},"fnMap":{"0":{"name":"(anonymous_0)","decl":{"start":{"line":3,"column":4},"end":{"line":3,"column":5}},"loc":{"start":{"line":3,"column":21},"end":{"line":7,"column":5}},"line":3},"1":{"name":"(anonymous_1)","decl":{"start":{"line":9,"column":4},"end":{"line":9,"column":5}},"loc":{"start":{"line":9,"column":29},"end":{"line":28,"column":5}},"line":9},"2":{"name":"(anonymous_2)","decl":{"start":{"line":30,"column":4},"end":{"line":30,"column":5}},"loc":{"start":{"line":30,"column":25},"end":{"line":33,"column":5}},"line":30},"3":{"name":"(anonymous_3)","decl":{"start":{"line":35,"column":4},"end":{"line":35,"column":5}},"loc":{"start":{"line":35,"column":17},"end":{"line":37,"column":5}},"line":35},"4":{"name":"(anonymous_4)","decl":{"start":{"line":39,"column":4},"end":{"line":39,"column":5}},"loc":{"start":{"line":39,"column":50},"end":{"line":45,"column":5}},"line":39},"5":{"name":"(anonymous_5)","decl":{"start":{"line":47,"column":4},"end":{"line":47,"column":5}},"loc":{"start":{"line":47,"column":27},"end":{"line":53,"column":5}},"line":47},"6":{"name":"(anonymous_6)","decl":{"start":{"line":51,"column":35},"end":{"line":51,"column":36}},"loc":{"start":{"line":51,"column":45},"end":{"line":51,"column":50}},"line":51},"7":{"name":"(anonymous_7)","decl":{"start":{"line":55,"column":4},"end":{"line":55,"column":5}},"loc":{"start":{"line":55,"column":41},"end":{"line":64,"column":5}},"line":55},"8":{"name":"(anonymous_8)","decl":{"start":{"line":66,"column":4},"end":{"line":66,"column":5}},"loc":{"start":{"line":66,"column":32},"end":{"line":73,"column":5}},"line":66},"9":{"name":"(anonymous_9)","decl":{"start":{"line":75,"column":4},"end":{"line":75,"column":5}},"loc":{"start":{"line":75,"column":23},"end":{"line":82,"column":5}},"line":75},"10":{"name":"(anonymous_10)","decl":{"start":{"line":80,"column":30},"end":{"line":80,"column":31}},"loc":{"start":{"line":80,"column":37},"end":{"line":80,"column":65}},"line":80},"11":{"name":"(anonymous_11)","decl":{"start":{"line":84,"column":4},"end":{"line":84,"column":5}},"loc":{"start":{"line":84,"column":25},"end":{"line":94,"column":5}},"line":84},"12":{"name":"executedFunction","decl":{"start":{"line":86,"column":24},"end":{"line":86,"column":40}},"loc":{"start":{"line":86,"column":50},"end":{"line":93,"column":9}},"line":86},"13":{"name":"(anonymous_13)","decl":{"start":{"line":87,"column":26},"end":{"line":87,"column":27}},"loc":{"start":{"line":87,"column":32},"end":{"line":90,"column":13}},"line":87},"14":{"name":"(anonymous_14)","decl":{"start":{"line":96,"column":4},"end":{"line":96,"column":5}},"loc":{"start":{"line":96,"column":45},"end":{"line":98,"column":5}},"line":96}},"branchMap":{"0":{"loc":{"start":{"line":15,"column":8},"end":{"line":17,"column":9}},"type":"if","locations":[{"start":{"line":15,"column":8},"end":{"line":17,"column":9}},{"start":{},"end":{}}],"line":15},"1":{"loc":{"start":{"line":18,"column":8},"end":{"line":20,"column":9}},"type":"if","locations":[{"start":{"line":18,"column":8},"end":{"line":20,"column":9}},{"start":{},"end":{}}],"line":18},"2":{"loc":{"start":{"line":21,"column":8},"end":{"line":23,"column":9}},"type":"if","locations":[{"start":{"line":21,"column":8},"end":{"line":23,"column":9}},{"start":{},"end":{}}],"line":21},"3":{"loc":{"start":{"line":24,"column":8},"end":{"line":26,"column":9}},"type":"if","locations":[{"start":{"line":24,"column":8},"end":{"line":26,"column":9}},{"start":{},"end":{}}],"line":24},"4":{"loc":{"start":{"line":41,"column":8},"end":{"line":43,"column":9}},"type":"if","locations":[{"start":{"line":41,"column":8},"end":{"line":43,"column":9}},{"start":{},"end":{}}],"line":41},"5":{"loc":{"start":{"line":48,"column":8},"end":{"line":50,"column":9}},"type":"if","locations":[{"start":{"line":48,"column":8},"end":{"line":50,"column":9}},{"start":{},"end":{}}],"line":48},"6":{"loc":{"start":{"line":55,"column":25},"end":{"line":55,"column":39}},"type":"default-arg","locations":[{"start":{"line":55,"column":37},"end":{"line":55,"column":39}}],"line":55},"7":{"loc":{"start":{"line":57,"column":8},"end":{"line":59,"column":9}},"type":"if","locations":[{"start":{"line":57,"column":8},"end":{"line":59,"column":9}},{"start":{},"end":{}}],"line":57},"8":{"loc":{"start":{"line":60,"column":8},"end":{"line":62,"column":9}},"type":"if","locations":[{"start":{"line":60,"column":8},"end":{"line":62,"column":9}},{"start":{},"end":{}}],"line":60},"9":{"loc":{"start":{"line":76,"column":8},"end":{"line":78,"column":9}},"type":"if","locations":[{"start":{"line":76,"column":8},"end":{"line":78,"column":9}},{"start":{},"end":{}}],"line":76},"10":{"loc":{"start":{"line":96,"column":30},"end":{"line":96,"column":43}},"type":"default-arg","locations":[{"start":{"line":96,"column":37},"end":{"line":96,"column":43}}],"line":96}},"s":{"0":5,"1":1,"2":1,"3":1,"4":3,"5":3,"6":3,"7":3,"8":3,"9":1,"10":2,"11":1,"12":1,"13":1,"14":0,"15":0,"16":0,"17":6,"18":6,"19":2,"20":6,"21":6,"22":1,"23":5,"24":3,"25":1,"26":2,"27":8,"28":2,"29":6,"30":6,"31":2,"32":4,"33":2,"34":2,"35":0,"36":0,"37":0,"38":0,"39":0,"40":0,"41":0,"42":0,"43":0,"44":0,"45":0,"46":0,"47":0,"48":0,"49":0,"50":0,"51":0,"52":0,"53":0,"54":5},"f":{"0":1,"1":3,"2":6,"3":2,"4":6,"5":3,"6":8,"7":6,"8":0,"9":0,"10":0,"11":0,"12":0,"13":0,"14":0},"b":{"0":[1,2],"1":[1,1],"2":[1,0],"3":[0,0],"4":[1,5],"5":[1,2],"6":[0],"7":[2,4],"8":[2,2],"9":[0,0],"10":[0]},"_coverageSchema":"1a1c01bbd47fc00a2c39e90264f33305004495a9","hash":"f85bc4eaeb1269e83280aecfc31b52afea9bef84"}
}
