TN:
SF:js\analytics.js
FN:5,(anonymous_0)
FN:47,(anonymous_1)
FN:51,(anonymous_2)
FN:54,(anonymous_3)
FN:72,(anonymous_4)
FN:81,(anonymous_5)
FN:118,(anonymous_6)
FNF:7
FNH:0
FNDA:0,(anonymous_0)
FNDA:0,(anonymous_1)
FNDA:0,(anonymous_2)
FNDA:0,(anonymous_3)
FNDA:0,(anonymous_4)
FNDA:0,(anonymous_5)
FNDA:0,(anonymous_6)
DA:2,0
DA:6,0
DA:8,0
DA:9,0
DA:47,0
DA:51,0
DA:55,0
DA:56,0
DA:58,0
DA:73,0
DA:78,0
DA:82,0
DA:83,0
DA:85,0
DA:86,0
DA:89,0
DA:119,0
DA:120,0
DA:121,0
DA:123,0
DA:124,0
DA:125,0
DA:126,0
DA:127,0
DA:132,0
LF:25
LH:0
BRDA:78,0,0,0
BRDA:78,0,1,0
BRDA:83,1,0,0
BRDA:83,1,1,0
BRDA:85,2,0,0
BRDA:85,2,1,0
BRDA:123,3,0,0
BRDA:123,3,1,0
BRDA:126,4,0,0
BRDA:126,4,1,0
BRF:10
BRH:0
end_of_record
TN:
SF:js\api.js
FN:7,(anonymous_0)
FN:8,(anonymous_1)
FN:12,(anonymous_2)
FN:16,(anonymous_3)
FN:20,(anonymous_4)
FN:25,(anonymous_5)
FN:29,(anonymous_6)
FN:33,(anonymous_7)
FN:37,(anonymous_8)
FN:42,(anonymous_9)
FN:46,(anonymous_10)
FN:50,(anonymous_11)
FN:54,(anonymous_12)
FN:58,(anonymous_13)
FN:62,(anonymous_14)
FN:66,(anonymous_15)
FNF:16
FNH:8
FNDA:0,(anonymous_0)
FNDA:0,(anonymous_1)
FNDA:3,(anonymous_2)
FNDA:1,(anonymous_3)
FNDA:2,(anonymous_4)
FNDA:0,(anonymous_5)
FNDA:0,(anonymous_6)
FNDA:3,(anonymous_7)
FNDA:2,(anonymous_8)
FNDA:0,(anonymous_9)
FNDA:0,(anonymous_10)
FNDA:2,(anonymous_11)
FNDA:2,(anonymous_12)
FNDA:0,(anonymous_13)
FNDA:2,(anonymous_14)
FNDA:0,(anonymous_15)
DA:3,5
DA:4,5
DA:6,5
DA:8,0
DA:9,0
DA:13,3
DA:17,1
DA:21,2
DA:22,2
DA:26,0
DA:30,0
DA:34,3
DA:38,2
DA:39,2
DA:43,0
DA:47,0
DA:51,2
DA:55,2
DA:59,0
DA:63,2
DA:67,0
DA:68,0
DA:70,0
DA:74,5
LF:24
LH:14
BRDA:7,0,0,0
BRDA:54,1,0,2
BRDA:62,2,0,2
BRDA:66,3,0,0
BRDA:67,4,0,0
BRDA:67,4,1,0
BRF:6
BRH:2
end_of_record
TN:
SF:js\clients.js
FN:3,(anonymous_0)
FN:14,(anonymous_1)
FN:19,(anonymous_2)
FN:28,(anonymous_3)
FN:43,(anonymous_4)
FN:48,(anonymous_5)
FN:75,(anonymous_6)
FNF:7
FNH:0
FNDA:0,(anonymous_0)
FNDA:0,(anonymous_1)
FNDA:0,(anonymous_2)
FNDA:0,(anonymous_3)
FNDA:0,(anonymous_4)
FNDA:0,(anonymous_5)
FNDA:0,(anonymous_6)
DA:2,0
DA:4,0
DA:6,0
DA:7,0
DA:14,0
DA:20,0
DA:28,0
DA:44,0
DA:48,0
DA:52,0
DA:53,0
DA:54,0
DA:57,0
DA:58,0
DA:59,0
DA:62,0
DA:63,0
DA:64,0
DA:67,0
DA:68,0
DA:69,0
DA:70,0
DA:71,0
DA:76,0
DA:80,0
LF:25
LH:0
BRDA:52,0,0,0
BRDA:52,0,1,0
BRDA:52,1,0,0
BRDA:52,1,1,0
BRDA:52,1,2,0
BRDA:57,2,0,0
BRDA:57,2,1,0
BRDA:62,3,0,0
BRDA:62,3,1,0
BRDA:68,4,0,0
BRDA:68,4,1,0
BRF:11
BRH:0
end_of_record
TN:
SF:js\config.js
FNF:0
FNH:0
DA:2,5
DA:64,5
LF:2
LH:2
BRF:0
BRH:0
end_of_record
TN:
SF:js\dashboard.js
FN:5,(anonymous_0)
FN:50,(anonymous_1)
FN:53,(anonymous_2)
FN:70,(anonymous_3)
FNF:4
FNH:0
FNDA:0,(anonymous_0)
FNDA:0,(anonymous_1)
FNDA:0,(anonymous_2)
FNDA:0,(anonymous_3)
DA:2,0
DA:6,0
DA:7,0
DA:9,0
DA:10,0
DA:50,0
DA:54,0
DA:61,0
DA:71,0
DA:72,0
DA:74,0
DA:75,0
DA:78,0
DA:107,0
DA:108,0
LF:15
LH:0
BRDA:65,0,0,0
BRDA:65,0,1,0
BRDA:65,1,0,0
BRDA:65,1,1,0
BRDA:72,2,0,0
BRDA:72,2,1,0
BRDA:74,3,0,0
BRDA:74,3,1,0
BRDA:107,4,0,0
BRDA:107,4,1,0
BRF:10
BRH:0
end_of_record
TN:
SF:js\feedback.js
FN:3,(anonymous_0)
FN:25,(anonymous_1)
FN:32,(anonymous_2)
FN:56,(anonymous_3)
FN:65,(anonymous_4)
FN:69,(anonymous_5)
FN:78,(anonymous_6)
FN:82,(anonymous_7)
FNF:8
FNH:0
FNDA:0,(anonymous_0)
FNDA:0,(anonymous_1)
FNDA:0,(anonymous_2)
FNDA:0,(anonymous_3)
FNDA:0,(anonymous_4)
FNDA:0,(anonymous_5)
FNDA:0,(anonymous_6)
FNDA:0,(anonymous_7)
DA:2,0
DA:4,0
DA:6,0
DA:7,0
DA:25,0
DA:33,0
DA:57,0
DA:62,0
DA:66,0
DA:67,0
DA:69,0
DA:70,0
DA:71,0
DA:73,0
DA:79,0
DA:80,0
DA:82,0
DA:83,0
DA:84,0
DA:90,0
DA:91,0
LF:21
LH:0
BRDA:28,0,0,0
BRDA:28,0,1,0
BRDA:47,1,0,0
BRDA:47,1,1,0
BRDA:48,2,0,0
BRDA:48,2,1,0
BRDA:49,3,0,0
BRDA:49,3,1,0
BRDA:62,4,0,0
BRDA:62,4,1,0
BRDA:70,5,0,0
BRDA:70,5,1,0
BRDA:73,6,0,0
BRDA:73,6,1,0
BRDA:84,7,0,0
BRDA:84,7,1,0
BRDA:90,8,0,0
BRDA:90,8,1,0
BRF:18
BRH:0
end_of_record
TN:
SF:js\modals.js
FN:3,(anonymous_0)
FN:6,(anonymous_1)
FN:7,(anonymous_2)
FN:13,(anonymous_3)
FN:14,(anonymous_4)
FN:21,(anonymous_5)
FN:28,(anonymous_6)
FN:38,(anonymous_7)
FN:49,(anonymous_8)
FN:52,(anonymous_9)
FN:58,(anonymous_10)
FN:65,(anonymous_11)
FN:68,(anonymous_12)
FN:71,(anonymous_13)
FNF:14
FNH:0
FNDA:0,(anonymous_0)
FNDA:0,(anonymous_1)
FNDA:0,(anonymous_2)
FNDA:0,(anonymous_3)
FNDA:0,(anonymous_4)
FNDA:0,(anonymous_5)
FNDA:0,(anonymous_6)
FNDA:0,(anonymous_7)
FNDA:0,(anonymous_8)
FNDA:0,(anonymous_9)
FNDA:0,(anonymous_10)
FNDA:0,(anonymous_11)
FNDA:0,(anonymous_12)
FNDA:0,(anonymous_13)
DA:2,0
DA:4,0
DA:6,0
DA:7,0
DA:8,0
DA:9,0
DA:13,0
DA:14,0
DA:15,0
DA:16,0
DA:21,0
DA:22,0
DA:23,0
DA:29,0
DA:31,0
DA:32,0
DA:33,0
DA:34,0
DA:39,0
DA:41,0
DA:42,0
DA:43,0
DA:44,0
DA:45,0
DA:50,0
DA:52,0
DA:53,0
DA:55,0
DA:59,0
DA:61,0
DA:62,0
DA:64,0
DA:65,0
DA:67,0
DA:68,0
DA:70,0
DA:71,0
DA:76,0
DA:77,0
LF:39
LH:0
BRDA:4,0,0,0
BRDA:4,0,1,0
BRDA:15,1,0,0
BRDA:15,1,1,0
BRDA:22,2,0,0
BRDA:22,2,1,0
BRDA:29,3,0,0
BRDA:29,3,1,0
BRDA:32,4,0,0
BRDA:32,4,1,0
BRDA:39,5,0,0
BRDA:39,5,1,0
BRDA:42,6,0,0
BRDA:42,6,1,0
BRDA:50,7,0,0
BRDA:50,7,1,0
BRDA:59,8,0,0
BRDA:59,8,1,0
BRDA:62,9,0,0
BRDA:62,9,1,0
BRDA:76,10,0,0
BRDA:76,10,1,0
BRF:22
BRH:0
end_of_record
TN:
SF:js\navigation.js
FN:3,(anonymous_0)
FN:6,(anonymous_1)
FN:7,(anonymous_2)
FN:14,(anonymous_3)
FN:17,(anonymous_4)
FN:26,(anonymous_5)
FN:42,(anonymous_6)
FN:68,(anonymous_7)
FNF:8
FNH:0
FNDA:0,(anonymous_0)
FNDA:0,(anonymous_1)
FNDA:0,(anonymous_2)
FNDA:0,(anonymous_3)
FNDA:0,(anonymous_4)
FNDA:0,(anonymous_5)
FNDA:0,(anonymous_6)
FNDA:0,(anonymous_7)
DA:2,0
DA:4,0
DA:6,0
DA:7,0
DA:8,0
DA:9,0
DA:15,0
DA:17,0
DA:18,0
DA:21,0
DA:22,0
DA:23,0
DA:26,0
DA:27,0
DA:30,0
DA:31,0
DA:32,0
DA:35,0
DA:36,0
DA:39,0
DA:43,0
DA:45,0
DA:46,0
DA:48,0
DA:49,0
DA:51,0
DA:52,0
DA:54,0
DA:55,0
DA:57,0
DA:58,0
DA:60,0
DA:61,0
DA:63,0
DA:64,0
DA:69,0
DA:71,0
DA:72,0
DA:74,0
DA:100,0
DA:101,0
LF:41
LH:0
BRDA:4,0,0,0
BRDA:4,0,1,0
BRDA:15,1,0,0
BRDA:15,1,1,0
BRDA:22,2,0,0
BRDA:22,2,1,0
BRDA:31,3,0,0
BRDA:31,3,1,0
BRDA:35,4,0,0
BRDA:35,4,1,0
BRDA:43,5,0,0
BRDA:43,5,1,0
BRDA:43,5,2,0
BRDA:43,5,3,0
BRDA:43,5,4,0
BRDA:43,5,5,0
BRDA:43,5,6,0
BRDA:45,6,0,0
BRDA:45,6,1,0
BRDA:48,7,0,0
BRDA:48,7,1,0
BRDA:51,8,0,0
BRDA:51,8,1,0
BRDA:54,9,0,0
BRDA:54,9,1,0
BRDA:57,10,0,0
BRDA:57,10,1,0
BRDA:60,11,0,0
BRDA:60,11,1,0
BRDA:69,12,0,0
BRDA:69,12,1,0
BRDA:72,13,0,0
BRDA:72,13,1,0
BRDA:100,14,0,0
BRDA:100,14,1,0
BRF:35
BRH:0
end_of_record
TN:
SF:js\state.js
FN:121,(anonymous_0)
FN:125,(anonymous_1)
FN:126,(anonymous_2)
FN:129,(anonymous_3)
FN:134,(anonymous_4)
FN:138,(anonymous_5)
FN:143,(anonymous_6)
FN:147,(anonymous_7)
FN:151,(anonymous_8)
FNF:9
FNH:9
FNDA:4,(anonymous_0)
FNDA:3,(anonymous_1)
FNDA:4,(anonymous_2)
FNDA:3,(anonymous_3)
FNDA:4,(anonymous_4)
FNDA:3,(anonymous_5)
FNDA:3,(anonymous_6)
FNDA:2,(anonymous_7)
FNDA:3,(anonymous_8)
DA:2,5
DA:122,4
DA:126,4
DA:130,3
DA:131,3
DA:135,4
DA:139,3
DA:140,3
DA:144,3
DA:148,2
DA:152,3
DA:156,5
LF:12
LH:12
BRF:0
BRH:0
end_of_record
TN:
SF:js\surveys.js
FN:5,(anonymous_0)
FN:17,(anonymous_1)
FN:22,(anonymous_2)
FN:47,(anonymous_3)
FN:140,(anonymous_4)
FN:153,(anonymous_5)
FN:178,(anonymous_6)
FNF:7
FNH:0
FNDA:0,(anonymous_0)
FNDA:0,(anonymous_1)
FNDA:0,(anonymous_2)
FNDA:0,(anonymous_3)
FNDA:0,(anonymous_4)
FNDA:0,(anonymous_5)
FNDA:0,(anonymous_6)
DA:2,0
DA:6,0
DA:7,0
DA:9,0
DA:11,0
DA:12,0
DA:14,0
DA:17,0
DA:23,0
DA:24,0
DA:26,0
DA:48,0
DA:50,0
DA:51,0
DA:53,0
DA:141,0
DA:143,0
DA:145,0
DA:146,0
DA:147,0
DA:149,0
DA:154,0
DA:155,0
DA:157,0
DA:166,0
DA:167,0
DA:168,0
DA:171,0
DA:172,0
DA:173,0
DA:174,0
DA:179,0
DA:185,0
DA:186,0
LF:34
LH:0
BRDA:6,0,0,0
BRDA:6,0,1,0
BRDA:7,1,0,0
BRDA:7,1,1,0
BRDA:12,2,0,0
BRDA:12,2,1,0
BRDA:23,3,0,0
BRDA:23,3,1,0
BRDA:24,4,0,0
BRDA:24,4,1,0
BRDA:38,5,0,0
BRDA:38,5,1,0
BRDA:40,6,0,0
BRDA:40,6,1,0
BRDA:48,7,0,0
BRDA:48,7,1,0
BRDA:51,8,0,0
BRDA:51,8,1,0
BRDA:141,9,0,0
BRDA:141,9,1,0
BRDA:146,10,0,0
BRDA:146,10,1,0
BRDA:154,11,0,0
BRDA:154,11,1,0
BRDA:155,12,0,0
BRDA:155,12,1,0
BRDA:158,13,0,0
BRDA:158,13,1,0
BRDA:159,14,0,0
BRDA:159,14,1,0
BRDA:160,15,0,0
BRDA:160,15,1,0
BRDA:166,16,0,0
BRDA:166,16,1,0
BRDA:172,17,0,0
BRDA:172,17,1,0
BRDA:185,18,0,0
BRDA:185,18,1,0
BRF:38
BRH:0
end_of_record
TN:
SF:js\utils.js
FN:3,(anonymous_0)
FN:9,(anonymous_1)
FN:30,(anonymous_2)
FN:35,(anonymous_3)
FN:39,(anonymous_4)
FN:47,(anonymous_5)
FN:51,(anonymous_6)
FN:55,(anonymous_7)
FN:66,(anonymous_8)
FN:75,(anonymous_9)
FN:80,(anonymous_10)
FN:84,(anonymous_11)
FN:86,executedFunction
FN:87,(anonymous_13)
FN:96,(anonymous_14)
FNF:15
FNH:8
FNDA:1,(anonymous_0)
FNDA:3,(anonymous_1)
FNDA:6,(anonymous_2)
FNDA:2,(anonymous_3)
FNDA:6,(anonymous_4)
FNDA:3,(anonymous_5)
FNDA:8,(anonymous_6)
FNDA:6,(anonymous_7)
FNDA:0,(anonymous_8)
FNDA:0,(anonymous_9)
FNDA:0,(anonymous_10)
FNDA:0,(anonymous_11)
FNDA:0,executedFunction
FNDA:0,(anonymous_13)
FNDA:0,(anonymous_14)
DA:2,5
DA:4,1
DA:5,1
DA:6,1
DA:10,3
DA:11,3
DA:12,3
DA:13,3
DA:15,3
DA:16,1
DA:18,2
DA:19,1
DA:21,1
DA:22,1
DA:24,0
DA:25,0
DA:27,0
DA:31,6
DA:32,6
DA:36,2
DA:40,6
DA:41,6
DA:42,1
DA:44,5
DA:48,3
DA:49,1
DA:51,8
DA:52,2
DA:56,6
DA:57,6
DA:58,2
DA:60,4
DA:61,2
DA:63,2
DA:67,0
DA:68,0
DA:69,0
DA:70,0
DA:71,0
DA:72,0
DA:76,0
DA:77,0
DA:79,0
DA:80,0
DA:81,0
DA:86,0
DA:87,0
DA:88,0
DA:89,0
DA:91,0
DA:92,0
DA:97,0
DA:101,5
LF:53
LH:32
BRDA:15,0,0,1
BRDA:15,0,1,2
BRDA:18,1,0,1
BRDA:18,1,1,1
BRDA:21,2,0,1
BRDA:21,2,1,0
BRDA:24,3,0,0
BRDA:24,3,1,0
BRDA:41,4,0,1
BRDA:41,4,1,5
BRDA:48,5,0,1
BRDA:48,5,1,2
BRDA:55,6,0,0
BRDA:57,7,0,2
BRDA:57,7,1,4
BRDA:60,8,0,2
BRDA:60,8,1,2
BRDA:76,9,0,0
BRDA:76,9,1,0
BRDA:96,10,0,0
BRF:20
BRH:13
end_of_record
